<?xml version="1.0" encoding="UTF-8"?>
<!-- Generated by org.testng.reporters.JUnitXMLReporter -->
<testsuite hostname="DESKTOP-4G7FNIK" ignored="0" name="Test_All" tests="2" failures="2" timestamp="2021-05-30T17:31:03 IST" time="10.735" errors="0">
  <testcase name="verifyCreateAccountPageTest" time="0.014" classname="com.TestCases.AccountCreationPageTest">
    <failure type="java.lang.NullPointerException">
      <![CDATA[java.lang.NullPointerException
at com.Utilities.ListenerClass.onTestStart(ListenerClass.java:22)
at java.util.ArrayList.forEach(ArrayList.java:1259)
... Removed 24 stack frames]]>
    </failure>
  </testcase> <!-- verifyCreateAccountPageTest -->
  <testcase name="verifyCreateAccountPageTest" time="10.7" classname="com.TestCases.AccountCreationPageTest">
    <failure type="java.lang.NullPointerException">
      <![CDATA[java.lang.NullPointerException
at com.Utilities.ListenerClass.onTestFailure(ListenerClass.java:34)
at java.util.ArrayList.forEach(ArrayList.java:1259)
... Removed 24 stack frames]]>
    </failure>
  </testcase> <!-- verifyCreateAccountPageTest -->
</testsuite> <!-- Test_All -->
